2024-06-09 11:17:36,948 - __main__ - INFO - Dealer's hand ['D5', 'S5', 'S3', 'D2', 'H8'] added to game 20240609031536874725
2024-06-09 11:17:36,950 - __main__ - INFO - Game ID: 20240609031736949965 Generated, New Game Start
2024-06-09 11:19:37,021 - __main__ - INFO - Game ID: b'20240609031736949965' executing
2024-06-09 11:19:37,022 - __main__ - INFO - Dealer's hand ['DA', 'H5', 'DJ', 'RJ', 'H2'] string
2024-06-09 11:19:37,022 - __main__ - INFO - Dealer's hand ['DA', 'H5', 'DJ', 'RJ', 'H2'] added to game 20240609031736949965
2024-06-09 11:19:37,023 - __main__ - INFO - Game ID: 20240609031937023391 Generated, New Game Start
2024-06-09 11:21:37,096 - __main__ - INFO - Game ID: b'20240609031937023391' executing
2024-06-09 11:21:37,096 - __main__ - INFO - Dealer's hand ['S4', 'D8', 'D7', 'DJ', 'D2'] string
2024-06-09 11:21:37,097 - __main__ - INFO - Dealer's hand ['S4', 'D8', 'D7', 'DJ', 'D2'] added to game 20240609031937023391
2024-06-09 11:21:37,098 - __main__ - INFO - Game ID: 20240609032137098163 Generated, New Game Start
2024-06-09 11:23:37,177 - __main__ - INFO - Game ID: b'20240609032137098163' executing
2024-06-09 11:23:37,177 - __main__ - INFO - Dealer's hand ['HT', 'SK', 'C3', 'C6', 'HJ'] string
2024-06-09 11:23:37,178 - __main__ - INFO - Dealer's hand ['HT', 'SK', 'C3', 'C6', 'HJ'] added to game 20240609032137098163
2024-06-09 11:23:37,179 - __main__ - INFO - Game ID: 20240609032337179612 Generated, New Game Start
2024-06-09 11:25:37,254 - __main__ - INFO - Game ID: b'20240609032337179612' executing
2024-06-09 11:25:37,254 - __main__ - INFO - Dealer's hand ['ST', 'RJ', 'C9', 'H5', 'SK'] string
2024-06-09 11:25:37,255 - __main__ - INFO - Dealer's hand ['ST', 'RJ', 'C9', 'H5', 'SK'] added to game 20240609032337179612
2024-06-09 11:25:37,256 - __main__ - INFO - Game ID: 20240609032537255867 Generated, New Game Start
2024-06-09 11:27:37,322 - __main__ - INFO - Game ID: b'20240609032537255867' executing
2024-06-09 11:27:37,322 - __main__ - INFO - Dealer's hand ['DA', 'D5', 'S9', 'S7', 'BJ'] string
2024-06-09 11:27:37,322 - __main__ - INFO - Dealer's hand ['DA', 'D5', 'S9', 'S7', 'BJ'] added to game 20240609032537255867
2024-06-09 11:27:37,324 - __main__ - INFO - Game ID: 20240609032737323843 Generated, New Game Start
2024-06-09 11:29:37,397 - __main__ - INFO - Game ID: b'20240609032737323843' executing
2024-06-09 11:29:37,397 - __main__ - INFO - Dealer's hand ['C2', 'C6', 'H5', 'C7', 'DQ'] string
2024-06-09 11:29:37,397 - __main__ - INFO - Dealer's hand ['C2', 'C6', 'H5', 'C7', 'DQ'] added to game 20240609032737323843
2024-06-09 11:29:37,398 - __main__ - INFO - Game ID: 20240609032937398643 Generated, New Game Start
2024-06-09 11:31:37,475 - __main__ - INFO - Game ID: b'20240609032937398643' executing
2024-06-09 11:31:37,475 - __main__ - INFO - Dealer's hand ['DQ', 'HQ', 'HJ', 'SA', 'H2'] string
2024-06-09 11:31:37,476 - __main__ - INFO - Dealer's hand ['DQ', 'HQ', 'HJ', 'SA', 'H2'] added to game 20240609032937398643
2024-06-09 11:31:37,477 - __main__ - INFO - Game ID: 20240609033137476967 Generated, New Game Start
2024-06-09 11:33:37,557 - __main__ - INFO - Game ID: b'20240609033137476967' executing
2024-06-09 11:33:37,557 - __main__ - INFO - Dealer's hand ['S8', 'C6', 'D6', 'DK', 'CT'] string
2024-06-09 11:33:37,558 - __main__ - INFO - Dealer's hand ['S8', 'C6', 'D6', 'DK', 'CT'] added to game 20240609033137476967
2024-06-09 11:33:37,559 - __main__ - INFO - Game ID: 20240609033337558953 Generated, New Game Start
2024-06-09 11:35:37,648 - __main__ - INFO - Game ID: b'20240609033337558953' executing
2024-06-09 11:35:37,648 - __main__ - INFO - Dealer's hand ['C7', 'CQ', 'D9', 'HT', 'HK'] string
2024-06-09 11:35:37,649 - __main__ - INFO - Dealer's hand ['C7', 'CQ', 'D9', 'HT', 'HK'] added to game 20240609033337558953
2024-06-09 11:35:37,650 - __main__ - INFO - Game ID: 20240609033537649994 Generated, New Game Start
2024-06-09 11:37:37,743 - __main__ - INFO - Game ID: b'20240609033537649994' executing
2024-06-09 11:37:37,744 - __main__ - INFO - Dealer's hand ['D9', 'C6', 'S5', 'S2', 'C4'] string
2024-06-09 11:37:37,744 - __main__ - INFO - Dealer's hand ['D9', 'C6', 'S5', 'S2', 'C4'] added to game 20240609033537649994
2024-06-09 11:37:37,745 - __main__ - INFO - Game ID: 20240609033737745470 Generated, New Game Start
2024-06-09 11:39:37,835 - __main__ - INFO - Game ID: b'20240609033737745470' executing
2024-06-09 11:39:37,835 - __main__ - INFO - Dealer's hand ['D6', 'S4', 'SQ', 'C6', 'D7'] string
2024-06-09 11:39:37,836 - __main__ - INFO - Dealer's hand ['D6', 'S4', 'SQ', 'C6', 'D7'] added to game 20240609033737745470
2024-06-09 11:39:37,837 - __main__ - INFO - Game ID: 20240609033937836901 Generated, New Game Start
2024-06-09 11:41:37,929 - __main__ - INFO - Game ID: b'20240609033937836901' executing
2024-06-09 11:41:37,929 - __main__ - INFO - Dealer's hand ['C7', 'HK', 'S8', 'CA', 'S4'] string
2024-06-09 11:41:37,929 - __main__ - INFO - Dealer's hand ['C7', 'HK', 'S8', 'CA', 'S4'] added to game 20240609033937836901
2024-06-09 11:41:37,931 - __main__ - INFO - Game ID: 20240609034137930657 Generated, New Game Start
2024-06-09 11:43:38,014 - __main__ - INFO - Game ID: b'20240609034137930657' executing
2024-06-09 11:43:38,014 - __main__ - INFO - Dealer's hand ['DJ', 'C2', 'C7', 'SA', 'S6'] string
2024-06-09 11:43:38,015 - __main__ - INFO - Dealer's hand ['DJ', 'C2', 'C7', 'SA', 'S6'] added to game 20240609034137930657
2024-06-09 11:43:38,016 - __main__ - INFO - Game ID: 20240609034338015859 Generated, New Game Start
2024-06-09 11:45:38,106 - __main__ - INFO - Game ID: b'20240609034338015859' executing
2024-06-09 11:45:38,106 - __main__ - INFO - Dealer's hand ['H6', 'CT', 'S2', 'S6', 'HQ'] string
2024-06-09 11:45:38,107 - __main__ - INFO - Dealer's hand ['H6', 'CT', 'S2', 'S6', 'HQ'] added to game 20240609034338015859
2024-06-09 11:45:38,108 - __main__ - INFO - Game ID: 20240609034538108053 Generated, New Game Start
2024-06-09 11:47:38,192 - __main__ - INFO - Game ID: b'20240609034538108053' executing
2024-06-09 11:47:38,192 - __main__ - INFO - Dealer's hand ['CK', 'DA', 'H5', 'CA', 'C6'] string
2024-06-09 11:47:38,193 - __main__ - INFO - Dealer's hand ['CK', 'DA', 'H5', 'CA', 'C6'] added to game 20240609034538108053
2024-06-09 11:47:38,194 - __main__ - INFO - Game ID: 20240609034738193970 Generated, New Game Start
2024-06-09 11:49:38,275 - __main__ - INFO - Game ID: b'20240609034738193970' executing
2024-06-09 11:49:38,275 - __main__ - INFO - Dealer's hand ['S7', 'HQ', 'C8', 'S4', 'C3'] string
2024-06-09 11:49:38,276 - __main__ - INFO - Dealer's hand ['S7', 'HQ', 'C8', 'S4', 'C3'] added to game 20240609034738193970
2024-06-09 11:49:38,277 - __main__ - INFO - Game ID: 20240609034938277303 Generated, New Game Start
2024-06-09 11:51:38,350 - __main__ - INFO - Game ID: b'20240609034938277303' executing
2024-06-09 11:51:38,351 - __main__ - INFO - Dealer's hand ['D4', 'D2', 'S6', 'CQ', 'S4'] string
2024-06-09 11:51:38,351 - __main__ - INFO - Dealer's hand ['D4', 'D2', 'S6', 'CQ', 'S4'] added to game 20240609034938277303
2024-06-09 11:51:38,352 - __main__ - INFO - Game ID: 20240609035138352401 Generated, New Game Start
2024-06-09 11:53:38,420 - __main__ - INFO - Game ID: b'20240609035138352401' executing
2024-06-09 11:53:38,421 - __main__ - INFO - Dealer's hand ['S7', 'H4', 'D6', 'BJ', 'C6'] string
2024-06-09 11:53:38,421 - __main__ - INFO - Dealer's hand ['S7', 'H4', 'D6', 'BJ', 'C6'] added to game 20240609035138352401
2024-06-09 11:53:38,422 - __main__ - INFO - Game ID: 20240609035338422440 Generated, New Game Start
2024-06-09 11:55:38,491 - __main__ - INFO - Game ID: b'20240609035338422440' executing
2024-06-09 11:55:38,491 - __main__ - INFO - Dealer's hand ['H4', 'D5', 'H5', 'D8', 'HQ'] string
2024-06-09 11:55:38,491 - __main__ - INFO - Dealer's hand ['H4', 'D5', 'H5', 'D8', 'HQ'] added to game 20240609035338422440
2024-06-09 11:55:38,493 - __main__ - INFO - Game ID: 20240609035538492812 Generated, New Game Start
2024-06-09 11:57:38,563 - __main__ - INFO - Game ID: b'20240609035538492812' executing
2024-06-09 11:57:38,563 - __main__ - INFO - Dealer's hand ['CT', 'SJ', 'S6', 'BJ', 'D2'] string
2024-06-09 11:57:38,563 - __main__ - INFO - Dealer's hand ['CT', 'SJ', 'S6', 'BJ', 'D2'] added to game 20240609035538492812
2024-06-09 11:57:38,565 - __main__ - INFO - Game ID: 20240609035738564793 Generated, New Game Start
2024-06-09 11:59:38,636 - __main__ - INFO - Game ID: b'20240609035738564793' executing
2024-06-09 11:59:38,636 - __main__ - INFO - Dealer's hand ['C4', 'H4', 'D8', 'S3', 'S6'] string
2024-06-09 11:59:38,636 - __main__ - INFO - Dealer's hand ['C4', 'H4', 'D8', 'S3', 'S6'] added to game 20240609035738564793
2024-06-09 11:59:38,638 - __main__ - INFO - Game ID: 20240609035938637832 Generated, New Game Start
2024-06-09 12:01:38,708 - __main__ - INFO - Game ID: b'20240609035938637832' executing
2024-06-09 12:01:38,708 - __main__ - INFO - Dealer's hand ['CQ', 'SJ', 'D6', 'HQ', 'C6'] string
2024-06-09 12:01:38,708 - __main__ - INFO - Dealer's hand ['CQ', 'SJ', 'D6', 'HQ', 'C6'] added to game 20240609035938637832
2024-06-09 12:01:38,709 - __main__ - INFO - Game ID: 20240609040138709596 Generated, New Game Start
2024-06-09 12:03:38,780 - __main__ - INFO - Game ID: b'20240609040138709596' executing
2024-06-09 12:03:38,780 - __main__ - INFO - Dealer's hand ['H4', 'H9', 'DQ', 'S9', 'S8'] string
2024-06-09 12:03:38,781 - __main__ - INFO - Dealer's hand ['H4', 'H9', 'DQ', 'S9', 'S8'] added to game 20240609040138709596
2024-06-09 12:03:38,782 - __main__ - INFO - Game ID: 20240609040338782044 Generated, New Game Start
2024-06-09 12:05:38,855 - __main__ - INFO - Game ID: b'20240609040338782044' executing
2024-06-09 12:05:38,855 - __main__ - INFO - Dealer's hand ['S3', 'DJ', 'D8', 'C9', 'HA'] string
2024-06-09 12:05:38,855 - __main__ - INFO - Dealer's hand ['S3', 'DJ', 'D8', 'C9', 'HA'] added to game 20240609040338782044
2024-06-09 12:05:38,856 - __main__ - INFO - Game ID: 20240609040538856699 Generated, New Game Start
2024-06-09 12:07:38,925 - __main__ - INFO - Game ID: b'20240609040538856699' executing
2024-06-09 12:07:38,925 - __main__ - INFO - Dealer's hand ['H4', 'H3', 'H7', 'H8', 'S2'] string
2024-06-09 12:07:38,925 - __main__ - INFO - Dealer's hand ['H4', 'H3', 'H7', 'H8', 'S2'] added to game 20240609040538856699
2024-06-09 12:07:38,926 - __main__ - INFO - Game ID: 20240609040738926712 Generated, New Game Start
2024-06-09 12:09:38,999 - __main__ - INFO - Game ID: b'20240609040738926712' executing
2024-06-09 12:09:39,000 - __main__ - INFO - Dealer's hand ['HA', 'DQ', 'SK', 'C5', 'RJ'] string
2024-06-09 12:09:39,000 - __main__ - INFO - Dealer's hand ['HA', 'DQ', 'SK', 'C5', 'RJ'] added to game 20240609040738926712
2024-06-09 12:09:39,001 - __main__ - INFO - Game ID: 20240609040939001686 Generated, New Game Start
2024-06-09 12:11:39,071 - __main__ - INFO - Game ID: b'20240609040939001686' executing
2024-06-09 12:11:39,071 - __main__ - INFO - Dealer's hand ['D7', 'DT', 'C4', 'S8', 'CQ'] string
2024-06-09 12:11:39,072 - __main__ - INFO - Dealer's hand ['D7', 'DT', 'C4', 'S8', 'CQ'] added to game 20240609040939001686
2024-06-09 12:11:39,073 - __main__ - INFO - Game ID: 20240609041139073009 Generated, New Game Start
2024-06-09 12:13:39,143 - __main__ - INFO - Game ID: b'20240609041139073009' executing
2024-06-09 12:13:39,143 - __main__ - INFO - Dealer's hand ['D4', 'H6', 'SJ', 'C7', 'C4'] string
2024-06-09 12:13:39,144 - __main__ - INFO - Dealer's hand ['D4', 'H6', 'SJ', 'C7', 'C4'] added to game 20240609041139073009
2024-06-09 12:13:39,145 - __main__ - INFO - Game ID: 20240609041339144922 Generated, New Game Start
2024-06-09 12:15:39,213 - __main__ - INFO - Game ID: b'20240609041339144922' executing
2024-06-09 12:15:39,214 - __main__ - INFO - Dealer's hand ['C8', 'C3', 'S4', 'HT', 'D2'] string
2024-06-09 12:15:39,214 - __main__ - INFO - Dealer's hand ['C8', 'C3', 'S4', 'HT', 'D2'] added to game 20240609041339144922
2024-06-09 12:15:39,215 - __main__ - INFO - Game ID: 20240609041539215507 Generated, New Game Start
2024-06-09 12:17:39,284 - __main__ - INFO - Game ID: b'20240609041539215507' executing
2024-06-09 12:17:39,285 - __main__ - INFO - Dealer's hand ['D8', 'DK', 'C4', 'HQ', 'C9'] string
2024-06-09 12:17:39,285 - __main__ - INFO - Dealer's hand ['D8', 'DK', 'C4', 'HQ', 'C9'] added to game 20240609041539215507
2024-06-09 12:17:39,287 - __main__ - INFO - Game ID: 20240609041739286938 Generated, New Game Start
2024-06-09 12:19:39,355 - __main__ - INFO - Game ID: b'20240609041739286938' executing
2024-06-09 12:19:39,355 - __main__ - INFO - Dealer's hand ['ST', 'S3', 'H9', 'HK', 'D8'] string
2024-06-09 12:19:39,356 - __main__ - INFO - Dealer's hand ['ST', 'S3', 'H9', 'HK', 'D8'] added to game 20240609041739286938
2024-06-09 12:19:39,357 - __main__ - INFO - Game ID: 20240609041939356882 Generated, New Game Start
2024-06-09 12:21:39,425 - __main__ - INFO - Game ID: b'20240609041939356882' executing
2024-06-09 12:21:39,425 - __main__ - INFO - Dealer's hand ['S9', 'S5', 'D6', 'H9', 'H3'] string
2024-06-09 12:21:39,426 - __main__ - INFO - Dealer's hand ['S9', 'S5', 'D6', 'H9', 'H3'] added to game 20240609041939356882
2024-06-09 12:21:39,427 - __main__ - INFO - Game ID: 20240609042139427258 Generated, New Game Start
2024-06-09 12:23:39,494 - __main__ - INFO - Game ID: b'20240609042139427258' executing
2024-06-09 12:23:39,495 - __main__ - INFO - Dealer's hand ['S3', 'D6', 'HJ', 'S6', 'ST'] string
2024-06-09 12:23:39,495 - __main__ - INFO - Dealer's hand ['S3', 'D6', 'HJ', 'S6', 'ST'] added to game 20240609042139427258
2024-06-09 12:23:39,497 - __main__ - INFO - Game ID: 20240609042339496700 Generated, New Game Start
2024-06-09 12:25:39,570 - __main__ - INFO - Game ID: b'20240609042339496700' executing
2024-06-09 12:25:39,570 - __main__ - INFO - Dealer's hand ['H6', 'S7', 'CT', 'H5', 'S9'] string
2024-06-09 12:25:39,571 - __main__ - INFO - Dealer's hand ['H6', 'S7', 'CT', 'H5', 'S9'] added to game 20240609042339496700
2024-06-09 12:25:39,572 - __main__ - INFO - Game ID: 20240609042539571826 Generated, New Game Start
2024-06-09 12:27:39,642 - __main__ - INFO - Game ID: b'20240609042539571826' executing
2024-06-09 12:27:39,642 - __main__ - INFO - Dealer's hand ['D4', 'C7', 'D6', 'S7', 'D5'] string
2024-06-09 12:27:39,642 - __main__ - INFO - Dealer's hand ['D4', 'C7', 'D6', 'S7', 'D5'] added to game 20240609042539571826
2024-06-09 12:27:39,644 - __main__ - INFO - Game ID: 20240609042739643778 Generated, New Game Start
2024-06-09 12:29:39,709 - __main__ - INFO - Game ID: b'20240609042739643778' executing
2024-06-09 12:29:39,710 - __main__ - INFO - Dealer's hand ['CQ', 'C8', 'DA', 'C6', 'H8'] string
2024-06-09 12:29:39,710 - __main__ - INFO - Dealer's hand ['CQ', 'C8', 'DA', 'C6', 'H8'] added to game 20240609042739643778
2024-06-09 12:29:39,711 - __main__ - INFO - Game ID: 20240609042939711594 Generated, New Game Start
2024-06-09 12:31:39,783 - __main__ - INFO - Game ID: b'20240609042939711594' executing
2024-06-09 12:31:39,783 - __main__ - INFO - Dealer's hand ['C8', 'D4', 'C9', 'S6', 'SA'] string
2024-06-09 12:31:39,783 - __main__ - INFO - Dealer's hand ['C8', 'D4', 'C9', 'S6', 'SA'] added to game 20240609042939711594
2024-06-09 12:31:39,784 - __main__ - INFO - Game ID: 20240609043139784549 Generated, New Game Start
2024-06-09 12:33:39,853 - __main__ - INFO - Game ID: b'20240609043139784549' executing
2024-06-09 12:33:39,853 - __main__ - INFO - Dealer's hand ['S5', 'DA', 'SQ', 'S6', 'C7'] string
2024-06-09 12:33:39,854 - __main__ - INFO - Dealer's hand ['S5', 'DA', 'SQ', 'S6', 'C7'] added to game 20240609043139784549
2024-06-09 12:33:39,855 - __main__ - INFO - Game ID: 20240609043339855350 Generated, New Game Start
2024-06-09 12:35:39,925 - __main__ - INFO - Game ID: b'20240609043339855350' executing
2024-06-09 12:35:39,925 - __main__ - INFO - Dealer's hand ['H4', 'SJ', 'C2', 'HT', 'CT'] string
2024-06-09 12:35:39,926 - __main__ - INFO - Dealer's hand ['H4', 'SJ', 'C2', 'HT', 'CT'] added to game 20240609043339855350
2024-06-09 12:35:39,927 - __main__ - INFO - Game ID: 20240609043539927252 Generated, New Game Start
2024-06-09 12:37:39,993 - __main__ - INFO - Game ID: b'20240609043539927252' executing
2024-06-09 12:37:39,994 - __main__ - INFO - Dealer's hand ['S9', 'D2', 'H5', 'BJ', 'C6'] string
2024-06-09 12:37:39,994 - __main__ - INFO - Dealer's hand ['S9', 'D2', 'H5', 'BJ', 'C6'] added to game 20240609043539927252
2024-06-09 12:37:39,995 - __main__ - INFO - Game ID: 20240609043739995402 Generated, New Game Start
2024-06-09 12:39:40,066 - __main__ - INFO - Game ID: b'20240609043739995402' executing
2024-06-09 12:39:40,066 - __main__ - INFO - Dealer's hand ['H6', 'D8', 'S8', 'D2', 'HJ'] string
2024-06-09 12:39:40,067 - __main__ - INFO - Dealer's hand ['H6', 'D8', 'S8', 'D2', 'HJ'] added to game 20240609043739995402
2024-06-09 12:39:40,068 - __main__ - INFO - Game ID: 20240609043940068071 Generated, New Game Start
2024-06-09 12:41:40,137 - __main__ - INFO - Game ID: b'20240609043940068071' executing
2024-06-09 12:41:40,137 - __main__ - INFO - Dealer's hand ['S8', 'S7', 'C6', 'D4', 'H2'] string
2024-06-09 12:41:40,138 - __main__ - INFO - Dealer's hand ['S8', 'S7', 'C6', 'D4', 'H2'] added to game 20240609043940068071
2024-06-09 12:41:40,139 - __main__ - INFO - Game ID: 20240609044140138971 Generated, New Game Start
2024-06-09 12:43:40,206 - __main__ - INFO - Game ID: b'20240609044140138971' executing
2024-06-09 12:43:40,206 - __main__ - INFO - Dealer's hand ['ST', 'DT', 'DJ', 'C4', 'CT'] string
2024-06-09 12:43:40,206 - __main__ - INFO - Dealer's hand ['ST', 'DT', 'DJ', 'C4', 'CT'] added to game 20240609044140138971
2024-06-09 12:43:40,207 - __main__ - INFO - Game ID: 20240609044340207489 Generated, New Game Start
2024-06-09 12:45:40,280 - __main__ - INFO - Game ID: b'20240609044340207489' executing
2024-06-09 12:45:40,280 - __main__ - INFO - Dealer's hand ['CT', 'D6', 'HA', 'D7', 'S3'] string
2024-06-09 12:45:40,281 - __main__ - INFO - Dealer's hand ['CT', 'D6', 'HA', 'D7', 'S3'] added to game 20240609044340207489
2024-06-09 12:45:40,282 - __main__ - INFO - Game ID: 20240609044540282331 Generated, New Game Start
2024-06-09 12:47:40,354 - __main__ - INFO - Game ID: b'20240609044540282331' executing
2024-06-09 12:47:40,354 - __main__ - INFO - Dealer's hand ['C6', 'S3', 'D6', 'S8', 'D8'] string
2024-06-09 12:47:40,355 - __main__ - INFO - Dealer's hand ['C6', 'S3', 'D6', 'S8', 'D8'] added to game 20240609044540282331
2024-06-09 12:47:40,356 - __main__ - INFO - Game ID: 20240609044740355900 Generated, New Game Start
2024-06-09 12:49:40,423 - __main__ - INFO - Game ID: b'20240609044740355900' executing
2024-06-09 12:49:40,423 - __main__ - INFO - Dealer's hand ['HJ', 'H2', 'H3', 'C9', 'CA'] string
2024-06-09 12:49:40,423 - __main__ - INFO - Dealer's hand ['HJ', 'H2', 'H3', 'C9', 'CA'] added to game 20240609044740355900
2024-06-09 12:49:40,424 - __main__ - INFO - Game ID: 20240609044940424691 Generated, New Game Start
2024-06-09 12:51:40,493 - __main__ - INFO - Game ID: b'20240609044940424691' executing
2024-06-09 12:51:40,494 - __main__ - INFO - Dealer's hand ['H6', 'HA', 'H9', 'CA', 'D2'] string
2024-06-09 12:51:40,494 - __main__ - INFO - Dealer's hand ['H6', 'HA', 'H9', 'CA', 'D2'] added to game 20240609044940424691
2024-06-09 12:51:40,495 - __main__ - INFO - Game ID: 20240609045140495277 Generated, New Game Start
2024-06-09 12:53:40,565 - __main__ - INFO - Game ID: b'20240609045140495277' executing
2024-06-09 12:53:40,565 - __main__ - INFO - Dealer's hand ['SK', 'C6', 'H7', 'H6', 'D2'] string
2024-06-09 12:53:40,566 - __main__ - INFO - Dealer's hand ['SK', 'C6', 'H7', 'H6', 'D2'] added to game 20240609045140495277
2024-06-09 12:53:40,567 - __main__ - INFO - Game ID: 20240609045340567409 Generated, New Game Start
2024-06-09 12:55:40,635 - __main__ - INFO - Game ID: b'20240609045340567409' executing
2024-06-09 12:55:40,636 - __main__ - INFO - Dealer's hand ['DJ', 'CJ', 'RJ', 'S4', 'SQ'] string
2024-06-09 12:55:40,636 - __main__ - INFO - Dealer's hand ['DJ', 'CJ', 'RJ', 'S4', 'SQ'] added to game 20240609045340567409
2024-06-09 12:55:40,637 - __main__ - INFO - Game ID: 20240609045540637686 Generated, New Game Start
2024-06-09 12:57:40,707 - __main__ - INFO - Game ID: b'20240609045540637686' executing
2024-06-09 12:57:40,707 - __main__ - INFO - Dealer's hand ['C6', 'D7', 'RJ', 'CA', 'DA'] string
2024-06-09 12:57:40,708 - __main__ - INFO - Dealer's hand ['C6', 'D7', 'RJ', 'CA', 'DA'] added to game 20240609045540637686
2024-06-09 12:57:40,709 - __main__ - INFO - Game ID: 20240609045740708814 Generated, New Game Start
2024-06-09 12:59:40,778 - __main__ - INFO - Game ID: b'20240609045740708814' executing
2024-06-09 12:59:40,778 - __main__ - INFO - Dealer's hand ['D6', 'DT', 'D9', 'D3', 'CJ'] string
2024-06-09 12:59:40,779 - __main__ - INFO - Dealer's hand ['D6', 'DT', 'D9', 'D3', 'CJ'] added to game 20240609045740708814
2024-06-09 12:59:40,780 - __main__ - INFO - Game ID: 20240609045940780460 Generated, New Game Start
2024-06-09 13:01:40,857 - __main__ - INFO - Game ID: b'20240609045940780460' executing
2024-06-09 13:01:40,858 - __main__ - INFO - Dealer's hand ['CJ', 'C6', 'D8', 'S9', 'HA'] string
2024-06-09 13:01:40,858 - __main__ - INFO - Dealer's hand ['CJ', 'C6', 'D8', 'S9', 'HA'] added to game 20240609045940780460
2024-06-09 13:01:40,859 - __main__ - INFO - Game ID: 20240609050140859482 Generated, New Game Start
2024-06-09 13:03:40,929 - __main__ - INFO - Game ID: b'20240609050140859482' executing
2024-06-09 13:03:40,929 - __main__ - INFO - Dealer's hand ['DT', 'D2', 'C8', 'D5', 'H2'] string
2024-06-09 13:03:40,929 - __main__ - INFO - Dealer's hand ['DT', 'D2', 'C8', 'D5', 'H2'] added to game 20240609050140859482
2024-06-09 13:03:40,930 - __main__ - INFO - Game ID: 20240609050340930522 Generated, New Game Start
2024-06-09 13:05:41,002 - __main__ - INFO - Game ID: b'20240609050340930522' executing
2024-06-09 13:05:41,002 - __main__ - INFO - Dealer's hand ['S9', 'D4', 'C5', 'C8', 'C3'] string
2024-06-09 13:05:41,002 - __main__ - INFO - Dealer's hand ['S9', 'D4', 'C5', 'C8', 'C3'] added to game 20240609050340930522
2024-06-09 13:05:41,003 - __main__ - INFO - Game ID: 20240609050541003591 Generated, New Game Start
2024-06-09 13:07:41,075 - __main__ - INFO - Game ID: b'20240609050541003591' executing
2024-06-09 13:07:41,075 - __main__ - INFO - Dealer's hand ['D9', 'S5', 'RJ', 'CJ', 'S3'] string
2024-06-09 13:07:41,075 - __main__ - INFO - Dealer's hand ['D9', 'S5', 'RJ', 'CJ', 'S3'] added to game 20240609050541003591
2024-06-09 13:07:41,077 - __main__ - INFO - Game ID: 20240609050741076985 Generated, New Game Start
2024-06-09 13:09:41,153 - __main__ - INFO - Game ID: b'20240609050741076985' executing
2024-06-09 13:09:41,153 - __main__ - INFO - Dealer's hand ['RJ', 'C6', 'CK', 'H4', 'H9'] string
2024-06-09 13:09:41,154 - __main__ - INFO - Dealer's hand ['RJ', 'C6', 'CK', 'H4', 'H9'] added to game 20240609050741076985
2024-06-09 13:09:41,155 - __main__ - INFO - Game ID: 20240609050941155072 Generated, New Game Start
2024-06-09 13:11:41,230 - __main__ - INFO - Game ID: b'20240609050941155072' executing
2024-06-09 13:11:41,230 - __main__ - INFO - Dealer's hand ['S2', 'BJ', 'H5', 'CT', 'S3'] string
2024-06-09 13:11:41,230 - __main__ - INFO - Dealer's hand ['S2', 'BJ', 'H5', 'CT', 'S3'] added to game 20240609050941155072
2024-06-09 13:11:41,231 - __main__ - INFO - Game ID: 20240609051141231738 Generated, New Game Start
2024-06-09 13:13:41,301 - __main__ - INFO - Game ID: b'20240609051141231738' executing
2024-06-09 13:13:41,301 - __main__ - INFO - Dealer's hand ['S6', 'DQ', 'D9', 'CT', 'C8'] string
2024-06-09 13:13:41,302 - __main__ - INFO - Dealer's hand ['S6', 'DQ', 'D9', 'CT', 'C8'] added to game 20240609051141231738
2024-06-09 13:13:41,303 - __main__ - INFO - Game ID: 20240609051341303241 Generated, New Game Start
2024-06-09 13:15:41,373 - __main__ - INFO - Game ID: b'20240609051341303241' executing
2024-06-09 13:15:41,373 - __main__ - INFO - Dealer's hand ['D8', 'D3', 'RJ', 'S5', 'SQ'] string
2024-06-09 13:15:41,373 - __main__ - INFO - Dealer's hand ['D8', 'D3', 'RJ', 'S5', 'SQ'] added to game 20240609051341303241
2024-06-09 13:15:41,374 - __main__ - INFO - Game ID: 20240609051541374726 Generated, New Game Start
2024-06-09 13:17:41,444 - __main__ - INFO - Game ID: b'20240609051541374726' executing
2024-06-09 13:17:41,444 - __main__ - INFO - Dealer's hand ['S6', 'ST', 'S8', 'D9', 'C7'] string
2024-06-09 13:17:41,445 - __main__ - INFO - Dealer's hand ['S6', 'ST', 'S8', 'D9', 'C7'] added to game 20240609051541374726
2024-06-09 13:17:41,446 - __main__ - INFO - Game ID: 20240609051741446325 Generated, New Game Start
2024-06-09 13:19:41,514 - __main__ - INFO - Game ID: b'20240609051741446325' executing
2024-06-09 13:19:41,514 - __main__ - INFO - Dealer's hand ['D7', 'D9', 'S3', 'SJ', 'S4'] string
2024-06-09 13:19:41,514 - __main__ - INFO - Dealer's hand ['D7', 'D9', 'S3', 'SJ', 'S4'] added to game 20240609051741446325
2024-06-09 13:19:41,515 - __main__ - INFO - Game ID: 20240609051941515648 Generated, New Game Start
2024-06-09 13:21:41,592 - __main__ - INFO - Game ID: b'20240609051941515648' executing
2024-06-09 13:21:41,592 - __main__ - INFO - Dealer's hand ['C7', 'S8', 'S7', 'DT', 'H9'] string
2024-06-09 13:21:41,593 - __main__ - INFO - Dealer's hand ['C7', 'S8', 'S7', 'DT', 'H9'] added to game 20240609051941515648
2024-06-09 13:21:41,594 - __main__ - INFO - Game ID: 20240609052141594017 Generated, New Game Start
2024-06-09 13:23:41,662 - __main__ - INFO - Game ID: b'20240609052141594017' executing
2024-06-09 13:23:41,662 - __main__ - INFO - Dealer's hand ['C4', 'HA', 'H4', 'D3', 'D8'] string
2024-06-09 13:23:41,663 - __main__ - INFO - Dealer's hand ['C4', 'HA', 'H4', 'D3', 'D8'] added to game 20240609052141594017
2024-06-09 13:23:41,664 - __main__ - INFO - Game ID: 20240609052341663917 Generated, New Game Start
2024-06-09 13:25:41,735 - __main__ - INFO - Game ID: b'20240609052341663917' executing
2024-06-09 13:25:41,735 - __main__ - INFO - Dealer's hand ['H4', 'SJ', 'HA', 'H9', 'SK'] string
2024-06-09 13:25:41,735 - __main__ - INFO - Dealer's hand ['H4', 'SJ', 'HA', 'H9', 'SK'] added to game 20240609052341663917
2024-06-09 13:25:41,736 - __main__ - INFO - Game ID: 20240609052541736737 Generated, New Game Start
2024-06-09 13:27:41,810 - __main__ - INFO - Game ID: b'20240609052541736737' executing
2024-06-09 13:27:41,811 - __main__ - INFO - Dealer's hand ['S2', 'HK', 'DK', 'D2', 'HT'] string
2024-06-09 13:27:41,811 - __main__ - INFO - Dealer's hand ['S2', 'HK', 'DK', 'D2', 'HT'] added to game 20240609052541736737
2024-06-09 13:27:41,812 - __main__ - INFO - Game ID: 20240609052741812257 Generated, New Game Start
2024-06-09 13:29:41,882 - __main__ - INFO - Game ID: b'20240609052741812257' executing
2024-06-09 13:29:41,883 - __main__ - INFO - Dealer's hand ['ST', 'DJ', 'SK', 'HT', 'S7'] string
2024-06-09 13:29:41,883 - __main__ - INFO - Dealer's hand ['ST', 'DJ', 'SK', 'HT', 'S7'] added to game 20240609052741812257
2024-06-09 13:29:41,884 - __main__ - INFO - Game ID: 20240609052941884376 Generated, New Game Start
2024-06-09 13:31:41,954 - __main__ - INFO - Game ID: b'20240609052941884376' executing
2024-06-09 13:31:41,954 - __main__ - INFO - Dealer's hand ['C4', 'D5', 'D2', 'H6', 'HJ'] string
2024-06-09 13:31:41,954 - __main__ - INFO - Dealer's hand ['C4', 'D5', 'D2', 'H6', 'HJ'] added to game 20240609052941884376
2024-06-09 13:31:41,955 - __main__ - INFO - Game ID: 20240609053141955497 Generated, New Game Start
2024-06-09 13:33:42,027 - __main__ - INFO - Game ID: b'20240609053141955497' executing
2024-06-09 13:33:42,027 - __main__ - INFO - Dealer's hand ['SK', 'C4', 'DQ', 'D7', 'S6'] string
2024-06-09 13:33:42,027 - __main__ - INFO - Dealer's hand ['SK', 'C4', 'DQ', 'D7', 'S6'] added to game 20240609053141955497
2024-06-09 13:33:42,028 - __main__ - INFO - Game ID: 20240609053342028527 Generated, New Game Start
2024-06-09 13:35:42,101 - __main__ - INFO - Game ID: b'20240609053342028527' executing
2024-06-09 13:35:42,101 - __main__ - INFO - Dealer's hand ['DA', 'S6', 'CT', 'C8', 'C6'] string
2024-06-09 13:35:42,101 - __main__ - INFO - Dealer's hand ['DA', 'S6', 'CT', 'C8', 'C6'] added to game 20240609053342028527
2024-06-09 13:35:42,102 - __main__ - INFO - Game ID: 20240609053542102610 Generated, New Game Start
2024-06-09 13:37:42,174 - __main__ - INFO - Game ID: b'20240609053542102610' executing
2024-06-09 13:37:42,174 - __main__ - INFO - Dealer's hand ['CT', 'S3', 'H6', 'H9', 'RJ'] string
2024-06-09 13:37:42,175 - __main__ - INFO - Dealer's hand ['CT', 'S3', 'H6', 'H9', 'RJ'] added to game 20240609053542102610
2024-06-09 13:37:42,176 - __main__ - INFO - Game ID: 20240609053742176596 Generated, New Game Start
2024-06-09 13:39:42,251 - __main__ - INFO - Game ID: b'20240609053742176596' executing
2024-06-09 13:39:42,251 - __main__ - INFO - Dealer's hand ['H4', 'C9', 'D2', 'SQ', 'S8'] string
2024-06-09 13:39:42,252 - __main__ - INFO - Dealer's hand ['H4', 'C9', 'D2', 'SQ', 'S8'] added to game 20240609053742176596
2024-06-09 13:39:42,253 - __main__ - INFO - Game ID: 20240609053942252893 Generated, New Game Start
2024-06-09 13:41:42,322 - __main__ - INFO - Game ID: b'20240609053942252893' executing
2024-06-09 13:41:42,322 - __main__ - INFO - Dealer's hand ['D8', 'DJ', 'HJ', 'C8', 'RJ'] string
2024-06-09 13:41:42,323 - __main__ - INFO - Dealer's hand ['D8', 'DJ', 'HJ', 'C8', 'RJ'] added to game 20240609053942252893
2024-06-09 13:41:42,324 - __main__ - INFO - Game ID: 20240609054142323972 Generated, New Game Start
2024-06-09 13:43:42,396 - __main__ - INFO - Game ID: b'20240609054142323972' executing
2024-06-09 13:43:42,396 - __main__ - INFO - Dealer's hand ['DK', 'H8', 'SA', 'CQ', 'S4'] string
2024-06-09 13:43:42,396 - __main__ - INFO - Dealer's hand ['DK', 'H8', 'SA', 'CQ', 'S4'] added to game 20240609054142323972
2024-06-09 13:43:42,397 - __main__ - INFO - Game ID: 20240609054342397570 Generated, New Game Start
2024-06-09 13:45:42,466 - __main__ - INFO - Game ID: b'20240609054342397570' executing
2024-06-09 13:45:42,466 - __main__ - INFO - Dealer's hand ['H2', 'C9', 'D2', 'S3', 'ST'] string
2024-06-09 13:45:42,466 - __main__ - INFO - Dealer's hand ['H2', 'C9', 'D2', 'S3', 'ST'] added to game 20240609054342397570
2024-06-09 13:45:42,467 - __main__ - INFO - Game ID: 20240609054542467680 Generated, New Game Start
2024-06-09 13:47:42,549 - __main__ - INFO - Game ID: b'20240609054542467680' executing
2024-06-09 13:47:42,549 - __main__ - INFO - Dealer's hand ['BJ', 'H7', 'S7', 'C3', 'CT'] string
2024-06-09 13:47:42,550 - __main__ - INFO - Dealer's hand ['BJ', 'H7', 'S7', 'C3', 'CT'] added to game 20240609054542467680
2024-06-09 13:47:42,551 - __main__ - INFO - Game ID: 20240609054742551290 Generated, New Game Start
2024-06-09 13:49:42,636 - __main__ - INFO - Game ID: b'20240609054742551290' executing
2024-06-09 13:49:42,636 - __main__ - INFO - Dealer's hand ['H7', 'D8', 'D3', 'SA', 'SJ'] string
2024-06-09 13:49:42,637 - __main__ - INFO - Dealer's hand ['H7', 'D8', 'D3', 'SA', 'SJ'] added to game 20240609054742551290
2024-06-09 13:49:42,638 - __main__ - INFO - Game ID: 20240609054942637849 Generated, New Game Start
2024-06-09 13:51:42,718 - __main__ - INFO - Game ID: b'20240609054942637849' executing
2024-06-09 13:51:42,718 - __main__ - INFO - Dealer's hand ['S8', 'SK', 'ST', 'DK', 'DA'] string
2024-06-09 13:51:42,719 - __main__ - INFO - Dealer's hand ['S8', 'SK', 'ST', 'DK', 'DA'] added to game 20240609054942637849
2024-06-09 13:51:42,720 - __main__ - INFO - Game ID: 20240609055142720099 Generated, New Game Start
2024-06-09 13:53:42,798 - __main__ - INFO - Game ID: b'20240609055142720099' executing
2024-06-09 13:53:42,799 - __main__ - INFO - Dealer's hand ['H3', 'D5', 'H4', 'D3', 'DK'] string
2024-06-09 13:53:42,799 - __main__ - INFO - Dealer's hand ['H3', 'D5', 'H4', 'D3', 'DK'] added to game 20240609055142720099
2024-06-09 13:53:42,800 - __main__ - INFO - Game ID: 20240609055342800455 Generated, New Game Start
2024-06-09 13:55:42,880 - __main__ - INFO - Game ID: b'20240609055342800455' executing
2024-06-09 13:55:42,880 - __main__ - INFO - Dealer's hand ['H8', 'C8', 'C7', 'D7', 'SA'] string
2024-06-09 13:55:42,880 - __main__ - INFO - Dealer's hand ['H8', 'C8', 'C7', 'D7', 'SA'] added to game 20240609055342800455
2024-06-09 13:55:42,882 - __main__ - INFO - Game ID: 20240609055542881832 Generated, New Game Start
2024-06-09 13:57:42,956 - __main__ - INFO - Game ID: b'20240609055542881832' executing
2024-06-09 13:57:42,956 - __main__ - INFO - Dealer's hand ['RJ', 'HJ', 'C5', 'D5', 'H3'] string
2024-06-09 13:57:42,956 - __main__ - INFO - Dealer's hand ['RJ', 'HJ', 'C5', 'D5', 'H3'] added to game 20240609055542881832
2024-06-09 13:57:42,957 - __main__ - INFO - Game ID: 20240609055742957693 Generated, New Game Start
2024-06-09 13:59:43,035 - __main__ - INFO - Game ID: b'20240609055742957693' executing
2024-06-09 13:59:43,035 - __main__ - INFO - Dealer's hand ['H7', 'CK', 'D2', 'D8', 'HK'] string
2024-06-09 13:59:43,035 - __main__ - INFO - Dealer's hand ['H7', 'CK', 'D2', 'D8', 'HK'] added to game 20240609055742957693
2024-06-09 13:59:43,036 - __main__ - INFO - Game ID: 20240609055943036482 Generated, New Game Start
2024-06-09 14:01:43,109 - __main__ - INFO - Game ID: b'20240609055943036482' executing
2024-06-09 14:01:43,109 - __main__ - INFO - Dealer's hand ['SA', 'HQ', 'H9', 'D9', 'S8'] string
2024-06-09 14:01:43,110 - __main__ - INFO - Dealer's hand ['SA', 'HQ', 'H9', 'D9', 'S8'] added to game 20240609055943036482
2024-06-09 14:01:43,111 - __main__ - INFO - Game ID: 20240609060143111166 Generated, New Game Start
2024-06-09 14:03:43,190 - __main__ - INFO - Game ID: b'20240609060143111166' executing
2024-06-09 14:03:43,190 - __main__ - INFO - Dealer's hand ['CQ', 'S4', 'DQ', 'HK', 'DT'] string
2024-06-09 14:03:43,190 - __main__ - INFO - Dealer's hand ['CQ', 'S4', 'DQ', 'HK', 'DT'] added to game 20240609060143111166
2024-06-09 14:03:43,191 - __main__ - INFO - Game ID: 20240609060343191616 Generated, New Game Start
2024-06-09 14:05:43,272 - __main__ - INFO - Game ID: b'20240609060343191616' executing
2024-06-09 14:05:43,273 - __main__ - INFO - Dealer's hand ['C7', 'D9', 'H4', 'ST', 'DT'] string
2024-06-09 14:05:43,274 - __main__ - INFO - Dealer's hand ['C7', 'D9', 'H4', 'ST', 'DT'] added to game 20240609060343191616
2024-06-09 14:05:43,275 - __main__ - INFO - Game ID: 20240609060543275534 Generated, New Game Start
2024-06-09 14:07:43,351 - __main__ - INFO - Game ID: b'20240609060543275534' executing
2024-06-09 14:07:43,352 - __main__ - INFO - Dealer's hand ['HQ', 'S9', 'H9', 'H5', 'C5'] string
2024-06-09 14:07:43,352 - __main__ - INFO - Dealer's hand ['HQ', 'S9', 'H9', 'H5', 'C5'] added to game 20240609060543275534
2024-06-09 14:07:43,353 - __main__ - INFO - Game ID: 20240609060743353641 Generated, New Game Start
2024-06-09 14:09:43,429 - __main__ - INFO - Game ID: b'20240609060743353641' executing
2024-06-09 14:09:43,429 - __main__ - INFO - Dealer's hand ['C5', 'DK', 'H6', 'DT', 'CA'] string
2024-06-09 14:09:43,429 - __main__ - INFO - Dealer's hand ['C5', 'DK', 'H6', 'DT', 'CA'] added to game 20240609060743353641
2024-06-09 14:09:43,430 - __main__ - INFO - Game ID: 20240609060943430503 Generated, New Game Start
2024-06-09 14:11:43,507 - __main__ - INFO - Game ID: b'20240609060943430503' executing
2024-06-09 14:11:43,508 - __main__ - INFO - Dealer's hand ['H7', 'H4', 'CA', 'HA', 'S9'] string
2024-06-09 14:11:43,508 - __main__ - INFO - Dealer's hand ['H7', 'H4', 'CA', 'HA', 'S9'] added to game 20240609060943430503
2024-06-09 14:11:43,509 - __main__ - INFO - Game ID: 20240609061143509312 Generated, New Game Start
2024-06-09 14:13:43,582 - __main__ - INFO - Game ID: b'20240609061143509312' executing
2024-06-09 14:13:43,583 - __main__ - INFO - Dealer's hand ['HA', 'C4', 'DQ', 'C2', 'D4'] string
2024-06-09 14:13:43,583 - __main__ - INFO - Dealer's hand ['HA', 'C4', 'DQ', 'C2', 'D4'] added to game 20240609061143509312
2024-06-09 14:13:43,584 - __main__ - INFO - Game ID: 20240609061343584367 Generated, New Game Start
2024-06-09 14:15:43,659 - __main__ - INFO - Game ID: b'20240609061343584367' executing
2024-06-09 14:15:43,659 - __main__ - INFO - Dealer's hand ['S3', 'S7', 'S2', 'S5', 'H3'] string
2024-06-09 14:15:43,659 - __main__ - INFO - Dealer's hand ['S3', 'S7', 'S2', 'S5', 'H3'] added to game 20240609061343584367
2024-06-09 14:15:43,661 - __main__ - INFO - Game ID: 20240609061543660756 Generated, New Game Start
2024-06-09 14:17:43,735 - __main__ - INFO - Game ID: b'20240609061543660756' executing
2024-06-09 14:17:43,735 - __main__ - INFO - Dealer's hand ['SA', 'BJ', 'CT', 'D8', 'H8'] string
2024-06-09 14:17:43,735 - __main__ - INFO - Dealer's hand ['SA', 'BJ', 'CT', 'D8', 'H8'] added to game 20240609061543660756
2024-06-09 14:17:43,736 - __main__ - INFO - Game ID: 20240609061743736542 Generated, New Game Start
2024-06-09 14:19:43,810 - __main__ - INFO - Game ID: b'20240609061743736542' executing
2024-06-09 14:19:43,810 - __main__ - INFO - Dealer's hand ['SA', 'H8', 'S9', 'CJ', 'SJ'] string
2024-06-09 14:19:43,810 - __main__ - INFO - Dealer's hand ['SA', 'H8', 'S9', 'CJ', 'SJ'] added to game 20240609061743736542
2024-06-09 14:19:43,812 - __main__ - INFO - Game ID: 20240609061943811778 Generated, New Game Start
2024-06-09 14:21:43,884 - __main__ - INFO - Game ID: b'20240609061943811778' executing
2024-06-09 14:21:43,885 - __main__ - INFO - Dealer's hand ['DJ', 'H7', 'C8', 'D7', 'C6'] string
2024-06-09 14:21:43,885 - __main__ - INFO - Dealer's hand ['DJ', 'H7', 'C8', 'D7', 'C6'] added to game 20240609061943811778
2024-06-09 14:21:43,886 - __main__ - INFO - Game ID: 20240609062143886560 Generated, New Game Start
2024-06-09 14:23:43,960 - __main__ - INFO - Game ID: b'20240609062143886560' executing
2024-06-09 14:23:43,960 - __main__ - INFO - Dealer's hand ['DK', 'S2', 'HT', 'HQ', 'D6'] string
2024-06-09 14:23:43,961 - __main__ - INFO - Dealer's hand ['DK', 'S2', 'HT', 'HQ', 'D6'] added to game 20240609062143886560
2024-06-09 14:23:43,962 - __main__ - INFO - Game ID: 20240609062343962077 Generated, New Game Start
2024-06-09 14:25:44,042 - __main__ - INFO - Game ID: b'20240609062343962077' executing
2024-06-09 14:25:44,043 - __main__ - INFO - Dealer's hand ['D2', 'HA', 'DK', 'H8', 'C2'] string
2024-06-09 14:25:44,043 - __main__ - INFO - Dealer's hand ['D2', 'HA', 'DK', 'H8', 'C2'] added to game 20240609062343962077
2024-06-09 14:25:44,044 - __main__ - INFO - Game ID: 20240609062544044498 Generated, New Game Start
2024-06-09 14:27:44,118 - __main__ - INFO - Game ID: b'20240609062544044498' executing
2024-06-09 14:27:44,118 - __main__ - INFO - Dealer's hand ['C5', 'D9', 'S9', 'S5', 'HT'] string
2024-06-09 14:27:44,119 - __main__ - INFO - Dealer's hand ['C5', 'D9', 'S9', 'S5', 'HT'] added to game 20240609062544044498
2024-06-09 14:27:44,120 - __main__ - INFO - Game ID: 20240609062744119989 Generated, New Game Start
2024-06-09 14:29:44,193 - __main__ - INFO - Game ID: b'20240609062744119989' executing
2024-06-09 14:29:44,194 - __main__ - INFO - Dealer's hand ['D6', 'DJ', 'DQ', 'HK', 'S5'] string
2024-06-09 14:29:44,194 - __main__ - INFO - Dealer's hand ['D6', 'DJ', 'DQ', 'HK', 'S5'] added to game 20240609062744119989
2024-06-09 14:29:44,195 - __main__ - INFO - Game ID: 20240609062944195252 Generated, New Game Start
2024-06-09 14:31:44,268 - __main__ - INFO - Game ID: b'20240609062944195252' executing
2024-06-09 14:31:44,268 - __main__ - INFO - Dealer's hand ['D8', 'DJ', 'D4', 'ST', 'S9'] string
2024-06-09 14:31:44,269 - __main__ - INFO - Dealer's hand ['D8', 'DJ', 'D4', 'ST', 'S9'] added to game 20240609062944195252
2024-06-09 14:31:44,270 - __main__ - INFO - Game ID: 20240609063144269991 Generated, New Game Start
2024-06-09 14:33:44,346 - __main__ - INFO - Game ID: b'20240609063144269991' executing
2024-06-09 14:33:44,346 - __main__ - INFO - Dealer's hand ['CJ', 'BJ', 'S9', 'H2', 'D4'] string
2024-06-09 14:33:44,347 - __main__ - INFO - Dealer's hand ['CJ', 'BJ', 'S9', 'H2', 'D4'] added to game 20240609063144269991
2024-06-09 14:33:44,348 - __main__ - INFO - Game ID: 20240609063344348134 Generated, New Game Start
2024-06-09 14:35:44,422 - __main__ - INFO - Game ID: b'20240609063344348134' executing
2024-06-09 14:35:44,422 - __main__ - INFO - Dealer's hand ['C2', 'C8', 'DA', 'H5', 'H2'] string
2024-06-09 14:35:44,423 - __main__ - INFO - Dealer's hand ['C2', 'C8', 'DA', 'H5', 'H2'] added to game 20240609063344348134
2024-06-09 14:35:44,424 - __main__ - INFO - Game ID: 20240609063544424167 Generated, New Game Start
2024-06-09 14:37:44,501 - __main__ - INFO - Game ID: b'20240609063544424167' executing
2024-06-09 14:37:44,501 - __main__ - INFO - Dealer's hand ['S8', 'D6', 'CA', 'HQ', 'C6'] string
2024-06-09 14:37:44,502 - __main__ - INFO - Dealer's hand ['S8', 'D6', 'CA', 'HQ', 'C6'] added to game 20240609063544424167
2024-06-09 14:37:44,503 - __main__ - INFO - Game ID: 20240609063744503131 Generated, New Game Start
2024-06-09 14:39:44,587 - __main__ - INFO - Game ID: b'20240609063744503131' executing
2024-06-09 14:39:44,587 - __main__ - INFO - Dealer's hand ['SK', 'CJ', 'S4', 'H6', 'S6'] string
2024-06-09 14:39:44,588 - __main__ - INFO - Dealer's hand ['SK', 'CJ', 'S4', 'H6', 'S6'] added to game 20240609063744503131
2024-06-09 14:39:44,589 - __main__ - INFO - Game ID: 20240609063944589360 Generated, New Game Start
2024-06-09 14:41:44,669 - __main__ - INFO - Game ID: b'20240609063944589360' executing
2024-06-09 14:41:44,669 - __main__ - INFO - Dealer's hand ['CJ', 'H5', 'S9', 'D2', 'DA'] string
2024-06-09 14:41:44,669 - __main__ - INFO - Dealer's hand ['CJ', 'H5', 'S9', 'D2', 'DA'] added to game 20240609063944589360
2024-06-09 14:41:44,671 - __main__ - INFO - Game ID: 20240609064144670738 Generated, New Game Start
2024-06-09 14:43:44,747 - __main__ - INFO - Game ID: b'20240609064144670738' executing
2024-06-09 14:43:44,748 - __main__ - INFO - Dealer's hand ['HQ', 'ST', 'CA', 'C8', 'DT'] string
2024-06-09 14:43:44,748 - __main__ - INFO - Dealer's hand ['HQ', 'ST', 'CA', 'C8', 'DT'] added to game 20240609064144670738
2024-06-09 14:43:44,749 - __main__ - INFO - Game ID: 20240609064344749584 Generated, New Game Start
2024-06-09 14:45:44,828 - __main__ - INFO - Game ID: b'20240609064344749584' executing
2024-06-09 14:45:44,829 - __main__ - INFO - Dealer's hand ['C6', 'CQ', 'HT', 'C9', 'S8'] string
2024-06-09 14:45:44,830 - __main__ - INFO - Dealer's hand ['C6', 'CQ', 'HT', 'C9', 'S8'] added to game 20240609064344749584
2024-06-09 14:45:44,831 - __main__ - INFO - Game ID: 20240609064544831424 Generated, New Game Start
2024-06-09 14:47:44,904 - __main__ - INFO - Game ID: b'20240609064544831424' executing
2024-06-09 14:47:44,904 - __main__ - INFO - Dealer's hand ['SJ', 'DK', 'D6', 'C5', 'CT'] string
2024-06-09 14:47:44,905 - __main__ - INFO - Dealer's hand ['SJ', 'DK', 'D6', 'C5', 'CT'] added to game 20240609064544831424
2024-06-09 14:47:44,906 - __main__ - INFO - Game ID: 20240609064744906204 Generated, New Game Start
2024-06-09 14:49:44,979 - __main__ - INFO - Game ID: b'20240609064744906204' executing
2024-06-09 14:49:44,979 - __main__ - INFO - Dealer's hand ['C5', 'D4', 'SK', 'H6', 'S6'] string
2024-06-09 14:49:44,980 - __main__ - INFO - Dealer's hand ['C5', 'D4', 'SK', 'H6', 'S6'] added to game 20240609064744906204
2024-06-09 14:49:44,981 - __main__ - INFO - Game ID: 20240609064944981573 Generated, New Game Start
2024-06-09 14:51:45,057 - __main__ - INFO - Game ID: b'20240609064944981573' executing
2024-06-09 14:51:45,057 - __main__ - INFO - Dealer's hand ['C5', 'S5', 'H8', 'DK', 'C2'] string
2024-06-09 14:51:45,058 - __main__ - INFO - Dealer's hand ['C5', 'S5', 'H8', 'DK', 'C2'] added to game 20240609064944981573
2024-06-09 14:51:45,059 - __main__ - INFO - Game ID: 20240609065145059067 Generated, New Game Start
2024-06-09 14:53:45,135 - __main__ - INFO - Game ID: b'20240609065145059067' executing
2024-06-09 14:53:45,135 - __main__ - INFO - Dealer's hand ['HT', 'RJ', 'DT', 'S6', 'H3'] string
2024-06-09 14:53:45,136 - __main__ - INFO - Dealer's hand ['HT', 'RJ', 'DT', 'S6', 'H3'] added to game 20240609065145059067
2024-06-09 14:53:45,137 - __main__ - INFO - Game ID: 20240609065345137245 Generated, New Game Start
2024-06-09 14:55:45,139 - __main__ - INFO - Game ID: b'20240609065345137245' executing
2024-06-09 14:55:45,140 - __main__ - INFO - Dealer's hand ['C3', 'H9', 'S8', 'H8', 'H3'] string
2024-06-09 14:55:45,140 - __main__ - INFO - Dealer's hand ['C3', 'H9', 'S8', 'H8', 'H3'] added to game 20240609065345137245
2024-06-09 14:55:45,142 - __main__ - INFO - Game ID: 20240609065545141687 Generated, New Game Start
2024-06-09 14:57:45,155 - __main__ - INFO - Game ID: b'20240609065545141687' executing
2024-06-09 14:57:45,156 - __main__ - INFO - Dealer's hand ['DK', 'C8', 'HJ', 'CT', 'C2'] string
2024-06-09 14:57:45,156 - __main__ - INFO - Dealer's hand ['DK', 'C8', 'HJ', 'CT', 'C2'] added to game 20240609065545141687
2024-06-09 14:57:45,157 - __main__ - INFO - Game ID: 20240609065745157399 Generated, New Game Start
2024-06-09 14:59:45,209 - __main__ - INFO - Game ID: b'20240609065745157399' executing
2024-06-09 14:59:45,209 - __main__ - INFO - Dealer's hand ['H5', 'DT', 'SA', 'H2', 'D8'] string
2024-06-09 14:59:45,210 - __main__ - INFO - Dealer's hand ['H5', 'DT', 'SA', 'H2', 'D8'] added to game 20240609065745157399
2024-06-09 14:59:45,211 - __main__ - INFO - Game ID: 20240609065945211168 Generated, New Game Start
2024-06-09 15:01:45,284 - __main__ - INFO - Game ID: b'20240609065945211168' executing
2024-06-09 15:01:45,284 - __main__ - INFO - Dealer's hand ['H8', 'H7', 'DJ', 'H6', 'H2'] string
2024-06-09 15:01:45,285 - __main__ - INFO - Dealer's hand ['H8', 'H7', 'DJ', 'H6', 'H2'] added to game 20240609065945211168
2024-06-09 15:01:45,286 - __main__ - INFO - Game ID: 20240609070145286223 Generated, New Game Start
2024-06-09 15:03:45,307 - __main__ - INFO - Game ID: b'20240609070145286223' executing
2024-06-09 15:03:45,307 - __main__ - INFO - Dealer's hand ['C7', 'S4', 'H2', 'H7', 'HA'] string
2024-06-09 15:03:45,308 - __main__ - INFO - Dealer's hand ['C7', 'S4', 'H2', 'H7', 'HA'] added to game 20240609070145286223
2024-06-09 15:03:45,309 - __main__ - INFO - Game ID: 20240609070345309035 Generated, New Game Start
