Player RENYNqxGb entered the game successfully.
Failed to enter game for SEnFA: {"detail":"Insufficient tokens for entry."}
Player rxzkkZL entered the game successfully.
Player tnLurofHv entered the game successfully.
Player WAZUb entered the game successfully.
Player wdLsnqpN entered the game successfully.
Player NEAQKfxpiu entered the game successfully.
Player ueCtF entered the game successfully.
Failed to enter game for nTSmFhKbEa: {"detail":"Insufficient tokens for entry."}
Player LEyTnIS entered the game successfully.
Player iyMNpGy entered the game successfully.
Player qODrjqA entered the game successfully.
Player MppCn entered the game successfully.
Failed to enter game for IvNXHdeJzG: {"detail":"Insufficient tokens for entry."}
Failed to enter game for gnLmfRxZeA: {"detail":"Insufficient tokens for entry."}
Player aWdeeSR entered the game successfully.
Failed to enter game for ePIdiQ: {"detail":"Insufficient tokens for entry."}
Player ultWtxRPni entered the game successfully.
Failed to enter game for uAuFyrYWnf: {"detail":"Insufficient tokens for entry."}
Failed to enter game for IBdQZ: {"detail":"Insufficient tokens for entry."}
Player helBiTb entered the game successfully.
Player CxjXxchD entered the game successfully.
Player lLcsOXecfZ entered the game successfully.
Failed to enter game for zQyuKkHckJ: {"detail":"Insufficient tokens for entry."}
Player ynNdpsejyJ entered the game successfully.
Failed to enter game for KyRHx: {"detail":"Insufficient tokens for entry."}
Player dUFkBWnQ entered the game successfully.
Failed to enter game for qBVYzCQL: {"detail":"Insufficient tokens for entry."}
Failed to enter game for uZwbhZVOTF: {"detail":"Insufficient tokens for entry."}
Failed to enter game for jGsydK: {"detail":"Insufficient tokens for entry."}
Player qlpjos entered the game successfully.
Player GzsdDKZVZb entered the game successfully.
Failed to enter game for dfxtx: {"detail":"Insufficient tokens for entry."}
Failed to enter game for BPkeoEfJ: {"detail":"Insufficient tokens for entry."}
Failed to enter game for SeEZGF: {"detail":"Insufficient tokens for entry."}
Player jrZuyMW entered the game successfully.
Player emnuKjD entered the game successfully.
Failed to enter game for wsGYPuNypg: {"detail":"Insufficient tokens for entry."}
Player TqpjXjW entered the game successfully.
Failed to enter game for HlsNbM: {"detail":"Insufficient tokens for entry."}
Failed to enter game for ZeBZsF: {"detail":"Insufficient tokens for entry."}
Failed to enter game for LRQHjexPam: {"detail":"Insufficient tokens for entry."}
Failed to enter game for LDhStpDemA: {"detail":"Insufficient tokens for entry."}
Failed to enter game for LRIAN: {"detail":"Insufficient tokens for entry."}
Player YEINfu entered the game successfully.
Failed to enter game for rXRVbbzURD: {"detail":"Insufficient tokens for entry."}
Failed to enter game for xPTjZKA: {"detail":"Insufficient tokens for entry."}
Failed to enter game for grCow: {"detail":"Insufficient tokens for entry."}
Failed to enter game for sEmYRyYT: {"detail":"Insufficient tokens for entry."}
Failed to enter game for zMyacesIT: {"detail":"Insufficient tokens for entry."}
Failed to enter game for RrqRj: {"detail":"Insufficient tokens for entry."}
Player qGYEn entered the game successfully.
Failed to enter game for iAHOP: {"detail":"Insufficient tokens for entry."}
Failed to enter game for NiFWDa: {"detail":"Insufficient tokens for entry."}
Failed to enter game for gSCFH: {"detail":"Insufficient tokens for entry."}
Player gQSiqjytPA entered the game successfully.
Failed to enter game for NGhdbSolJ: {"detail":"Insufficient tokens for entry."}
Player DVQWkrAoVa entered the game successfully.
Player ASZLsfgwz entered the game successfully.
Player PraseKt entered the game successfully.
Failed to enter game for YzdMb: {"detail":"Insufficient tokens for entry."}
Player qabBhVSW entered the game successfully.
Failed to enter game for QlKQLJf: {"detail":"Insufficient tokens for entry."}
Failed to enter game for OknVGAoy: {"detail":"Insufficient tokens for entry."}
Failed to enter game for BGgpkjJy: {"detail":"Insufficient tokens for entry."}
Failed to enter game for dyzeDwWC: {"detail":"Insufficient tokens for entry."}
Player sbeMajEiQl entered the game successfully.
Failed to enter game for EMRJamEM: {"detail":"Insufficient tokens for entry."}
Player iHDbgoZw entered the game successfully.
Player eeOZBDnU entered the game successfully.
Player SbTbpaiU entered the game successfully.
Failed to enter game for fiRAxUeTb: {"detail":"Insufficient tokens for entry."}
Failed to enter game for OgbKdIMW: {"detail":"Insufficient tokens for entry."}
Failed to enter game for CMtnUH: {"detail":"Insufficient tokens for entry."}
Failed to enter game for QgJxZ: {"detail":"Insufficient tokens for entry."}
Failed to enter game for xQBioX: {"detail":"Insufficient tokens for entry."}
Player mESNuIpV entered the game successfully.
Player AFTgm entered the game successfully.
Player rFVzj entered the game successfully.
Player pzhyo entered the game successfully.
Failed to enter game for AOCboGpkk: {"detail":"Insufficient tokens for entry."}
Player VbCrJgxqo entered the game successfully.
Failed to enter game for VpNuza: {"detail":"Insufficient tokens for entry."}
Failed to enter game for lgdnTsxzPd: {"detail":"Insufficient tokens for entry."}
Player QitHsFYs entered the game successfully.
Failed to enter game for ijklZUsvT: {"detail":"Insufficient tokens for entry."}
Player FSmJVx entered the game successfully.
Player bdfWf entered the game successfully.
Failed to enter game for teIMzUGd: {"detail":"Insufficient tokens for entry."}
Failed to enter game for ZcmHfzoTkd: {"detail":"Insufficient tokens for entry."}
Failed to enter game for aPHjczyio: {"detail":"Insufficient tokens for entry."}
Failed to enter game for fkakf: {"detail":"Insufficient tokens for entry."}
Player CORsMxt entered the game successfully.
Player QnFGEWv entered the game successfully.
Failed to enter game for WoccTU: {"detail":"Insufficient tokens for entry."}
Player qapKCLlrwe entered the game successfully.
Failed to enter game for skLpzNNbFG: {"detail":"Insufficient tokens for entry."}
Failed to enter game for Imjjw: {"detail":"Insufficient tokens for entry."}
Player xuUqDJat entered the game successfully.
Player PlrlQCROV entered the game successfully.
Player SLHpkw entered the game successfully.
Failed to enter game for imJByGNbpI: {"detail":"Insufficient tokens for entry."}
Player jgwZW entered the game successfully.
Failed to enter game for qYxLQDRLJu: {"detail":"Insufficient tokens for entry."}
Player KjsdrVDUM entered the game successfully.
Failed to enter game for GoxVYWn: {"detail":"Insufficient tokens for entry."}
Player CPyaAVClGI entered the game successfully.
Failed to enter game for hBvsNK: {"detail":"Insufficient tokens for entry."}
Player nbFsB entered the game successfully.
Failed to enter game for MGNzrYXcBh: {"detail":"Insufficient tokens for entry."}
Failed to enter game for kfWAlkWDb: {"detail":"Insufficient tokens for entry."}
Player kmhDrPCT entered the game successfully.
Player EQjcqN entered the game successfully.
Player KMUzSZKsr entered the game successfully.
Player EEYOgJRvxB entered the game successfully.
Failed to enter game for fXHLS: {"detail":"Insufficient tokens for entry."}
Player uqbWguPkDL entered the game successfully.
Player KqyzOWRw entered the game successfully.
Player tpEqYzd entered the game successfully.
Player tIldSehusT entered the game successfully.
Failed to enter game for kYHhCYy: {"detail":"Insufficient tokens for entry."}
Failed to enter game for IeaMLiWmeu: {"detail":"Insufficient tokens for entry."}
Player JKrSSBMUwE entered the game successfully.
Failed to enter game for fohlsB: {"detail":"Insufficient tokens for entry."}
Player cTYRkoFjqO entered the game successfully.
Player ZURcF entered the game successfully.
Failed to enter game for XAFTksPIv: {"detail":"Insufficient tokens for entry."}
Player iwivuK entered the game successfully.
Player yMLerkcIz entered the game successfully.
Player GJMtTnhWjk entered the game successfully.
Failed to enter game for MvPsq: {"detail":"Insufficient tokens for entry."}
Player UfPLhNlQ entered the game successfully.
Player ilIilzXR entered the game successfully.
Player xPtFd entered the game successfully.
Player KhfHtF entered the game successfully.
Failed to enter game for gSvDFBnO: {"detail":"Insufficient tokens for entry."}
Failed to enter game for WoLZLg: {"detail":"Insufficient tokens for entry."}
Failed to enter game for XGhfE: {"detail":"Insufficient tokens for entry."}
Player UBQJNbEx entered the game successfully.
Failed to enter game for QenUgnHyQ: {"detail":"Insufficient tokens for entry."}
Player OQbIsaca entered the game successfully.
Player MHcLxIRxc entered the game successfully.
Player gaPaYXGb entered the game successfully.
Failed to enter game for DYiYkHAPF: {"detail":"Insufficient tokens for entry."}
Player mGozvSP entered the game successfully.
Player dupRCndsLi entered the game successfully.
Player agOCrAJ entered the game successfully.
Player Wykpkmv entered the game successfully.
Player Axmgn entered the game successfully.
Failed to enter game for Vvcxgyv: {"detail":"Insufficient tokens for entry."}
Player BXJoOdeF entered the game successfully.
Player KNbUe entered the game successfully.
Failed to enter game for ZeBZsF: {"detail":"Insufficient tokens for entry."}
Player vqQzHllnw entered the game successfully.
Player RwkBIyDJpt entered the game successfully.
Failed to enter game for bpzTv: {"detail":"Insufficient tokens for entry."}
Failed to enter game for lEtRbgGdH: {"detail":"Insufficient tokens for entry."}
Failed to enter game for OYKjFJxPGi: {"detail":"Insufficient tokens for entry."}
Failed to enter game for XwZRupuIcX: {"detail":"Insufficient tokens for entry."}
Failed to enter game for rNGfUg: {"detail":"Insufficient tokens for entry."}
Failed to enter game for frcWFIrf: {"detail":"Insufficient tokens for entry."}
Failed to enter game for hwboTfGu: {"detail":"Insufficient tokens for entry."}
Player WhJJIEIc entered the game successfully.
Failed to enter game for HgenCSI: {"detail":"Insufficient tokens for entry."}
Player hQBLfUXeLs entered the game successfully.
Player sfksCWu entered the game successfully.
Failed to enter game for XEHWi: {"detail":"Insufficient tokens for entry."}
Player LMUChN entered the game successfully.
Player dNrxoRIY entered the game successfully.
Player bsFrbH entered the game successfully.
Player CweiTSPUV entered the game successfully.
Player pvOMOEdno entered the game successfully.
Player ArHjbERp entered the game successfully.
Failed to enter game for QWomhT: {"detail":"Insufficient tokens for entry."}
Player CcqxP entered the game successfully.
Player HZhAYLU entered the game successfully.
Failed to enter game for frWhEUQwL: {"detail":"Insufficient tokens for entry."}
Failed to enter game for AeoyAN: {"detail":"Insufficient tokens for entry."}
Failed to enter game for BDHNfgWcP: {"detail":"Insufficient tokens for entry."}
Failed to enter game for EeKVrph: {"detail":"Insufficient tokens for entry."}
Failed to enter game for LtXJpgqx: {"detail":"Insufficient tokens for entry."}
Player SDzOfEwmq entered the game successfully.
Player MeTsVjZRG entered the game successfully.
Player pDCCMFWJ entered the game successfully.
Player bnCUyXy entered the game successfully.
Player idsTGPcraK entered the game successfully.
Player WgPgO entered the game successfully.
Failed to enter game for rIoZa: {"detail":"Insufficient tokens for entry."}
Player lRKNPDtb entered the game successfully.
Failed to enter game for Jkgcv: {"detail":"Insufficient tokens for entry."}
Failed to enter game for UEHpzHojbU: {"detail":"Insufficient tokens for entry."}
Player TBfYSr entered the game successfully.
Failed to enter game for hGtBHS: {"detail":"Insufficient tokens for entry."}
Player teAkkC entered the game successfully.
Player goXpntk entered the game successfully.
Failed to enter game for aqrcBFR: {"detail":"Insufficient tokens for entry."}
Failed to enter game for DqiMDNL: {"detail":"Insufficient tokens for entry."}
Failed to enter game for YrLfSdq: {"detail":"Insufficient tokens for entry."}
Player bswqMi entered the game successfully.
Player jviQdU entered the game successfully.
Player Ovmohgd entered the game successfully.
Player lgcKgt entered the game successfully.
Player AyhIWjRyj entered the game successfully.
Failed to enter game for rPoWDGub: {"detail":"Insufficient tokens for entry."}
Failed to enter game for yMZUTKgsd: {"detail":"Insufficient tokens for entry."}
Failed to enter game for lgnsvrI: {"detail":"Insufficient tokens for entry."}
Player unqjky entered the game successfully.
Player ITosLmbQyR entered the game successfully.
Failed to enter game for dHDYTx: {"detail":"Insufficient tokens for entry."}
Failed to enter game for bcyzqI: {"detail":"Insufficient tokens for entry."}
Failed to enter game for krvvk: {"detail":"Insufficient tokens for entry."}
Failed to enter game for zJuZHLYy: {"detail":"Insufficient tokens for entry."}
Player pjvvu entered the game successfully.
Player mGMIo entered the game successfully.
Player LCOAWVSYG entered the game successfully.
Failed to enter game for oNjNyDtfY: {"detail":"Insufficient tokens for entry."}
Player AYxUIBVVgN entered the game successfully.
Failed to enter game for OzChI: {"detail":"Insufficient tokens for entry."}
Player GLtJKTKvf entered the game successfully.
Player kjddhgo entered the game successfully.
Failed to enter game for Kmepq: {"detail":"Insufficient tokens for entry."}
Failed to enter game for RcofFByeoI: {"detail":"Insufficient tokens for entry."}
Player xdAIuREJ entered the game successfully.
Failed to enter game for dWzmh: {"detail":"Insufficient tokens for entry."}
Failed to enter game for VhbgW: {"detail":"Insufficient tokens for entry."}
Player PpeUm entered the game successfully.
Player ZHqsHIL entered the game successfully.
Failed to enter game for iKXpXxK: {"detail":"Insufficient tokens for entry."}
Player TNawMvmjO entered the game successfully.
Failed to enter game for odnXLZU: {"detail":"Insufficient tokens for entry."}
Player RjLopMT entered the game successfully.
Player xYIVkL entered the game successfully.
Player VyWzG entered the game successfully.
Player LIxmBL entered the game successfully.
Player lccNQXyEZt entered the game successfully.
Player xVvyZRoE entered the game successfully.
Player eQQZyXISI entered the game successfully.
Player QzennI entered the game successfully.
Player nhQsZbYt entered the game successfully.
Player WkrXLlSg entered the game successfully.
Player EWvpOsh entered the game successfully.
Player OiWbKE entered the game successfully.
Player jUGQhu entered the game successfully.
Player DRJTe entered the game successfully.
Failed to enter game for SrklNP: {"detail":"Insufficient tokens for entry."}
Failed to enter game for roBLpZePdL: {"detail":"Insufficient tokens for entry."}
Player oYvzVCy entered the game successfully.
Failed to enter game for znZBH: {"detail":"Insufficient tokens for entry."}
Player HnzhmcnL entered the game successfully.
Player trsRWUnt entered the game successfully.
Player QMarcBmy entered the game successfully.
Player KrQINDP entered the game successfully.
Failed to enter game for ONmzFb: {"detail":"Insufficient tokens for entry."}
Failed to enter game for ELfROy: {"detail":"Insufficient tokens for entry."}
Failed to enter game for DfspPi: {"detail":"Insufficient tokens for entry."}
Failed to enter game for ItTCb: {"detail":"Insufficient tokens for entry."}
Player UoKIQHAPN entered the game successfully.
Player tWDGdAPOT entered the game successfully.
Failed to enter game for tMowFbpQYa: {"detail":"Insufficient tokens for entry."}
Player AxpsofYJR entered the game successfully.
Player cUDbfcC entered the game successfully.
Player JMFTp entered the game successfully.
Player Vdiot entered the game successfully.
Player SemliIZYl entered the game successfully.
Player DvbbmzdN entered the game successfully.
Player HlHqMHt entered the game successfully.
Failed to enter game for IdpMp: {"detail":"Insufficient tokens for entry."}
Failed to enter game for uAuFyrYWnf: {"detail":"Insufficient tokens for entry."}
Player GJMtTnhWjk entered the game successfully.
Player jNguzH entered the game successfully.
Player XGvXc entered the game successfully.
Player CwjtJpWDI entered the game successfully.
Player Zpxkj entered the game successfully.
Player eIWoe entered the game successfully.
Player SmXEIvXxn entered the game successfully.
Failed to enter game for tmnIdcvDyl: {"detail":"Insufficient tokens for entry."}
Failed to enter game for AMyeUbc: {"detail":"Insufficient tokens for entry."}
Player RBDLI entered the game successfully.
Player dXHNABheb entered the game successfully.
Failed to enter game for bgJqfk: {"detail":"Insufficient tokens for entry."}
Player QcBIPCDxi entered the game successfully.
Player vALYO entered the game successfully.
Failed to enter game for GiGxF: {"detail":"Insufficient tokens for entry."}
Player TaWNKo entered the game successfully.
Player BjsvXcdCc entered the game successfully.
Failed to enter game for EntWaPsq: {"detail":"Insufficient tokens for entry."}
Player MStuVdYyB entered the game successfully.
Failed to enter game for gDcgT: {"detail":"Insufficient tokens for entry."}
Failed to enter game for lUcTUa: {"detail":"Insufficient tokens for entry."}
Player TOoEcJgxit entered the game successfully.
Player RXsGdsyd entered the game successfully.
Failed to enter game for EBeqr: {"detail":"Insufficient tokens for entry."}
Failed to enter game for lGVpA: {"detail":"Insufficient tokens for entry."}
Player aLbGifJGR entered the game successfully.
Failed to enter game for zyAJQinOkN: {"detail":"Insufficient tokens for entry."}
Player GpoUcKmIcB entered the game successfully.
Failed to enter game for GNaVEyZE: {"detail":"Insufficient tokens for entry."}
Failed to enter game for ZznCDh: {"detail":"Insufficient tokens for entry."}
Failed to enter game for vOhIvUmq: {"detail":"Insufficient tokens for entry."}
Player wsOEqM entered the game successfully.
Player wywhRMl entered the game successfully.
Player MXtQy entered the game successfully.
Player UmNfcZWzwS entered the game successfully.
Failed to enter game for meddkwDj: {"detail":"Insufficient tokens for entry."}
Player GmlkfYM entered the game successfully.
Player GRbOeTyX entered the game successfully.
Failed to enter game for jJMGfWg: {"detail":"Insufficient tokens for entry."}
Failed to enter game for dYkcqQ: {"detail":"Insufficient tokens for entry."}
Player LobVMguEH entered the game successfully.
Failed to enter game for cGzHIEmU: {"detail":"Insufficient tokens for entry."}
Failed to enter game for TExudy: {"detail":"Insufficient tokens for entry."}
Failed to enter game for zyAJQinOkN: {"detail":"Insufficient tokens for entry."}
Failed to enter game for ulQvl: {"detail":"Insufficient tokens for entry."}
Failed to enter game for ejsWihn: {"detail":"Insufficient tokens for entry."}
Failed to enter game for vmjaYB: {"detail":"Insufficient tokens for entry."}
Player fjzbVmK entered the game successfully.
Player MfJvIsoIvb entered the game successfully.
Player PulHo entered the game successfully.
Failed to enter game for gnLmfRxZeA: {"detail":"Insufficient tokens for entry."}
Failed to enter game for WWALTaonei: {"detail":"Insufficient tokens for entry."}
Failed to enter game for kZpDphgK: {"detail":"Insufficient tokens for entry."}
Failed to enter game for zaPjkJPnA: {"detail":"Insufficient tokens for entry."}
Player rHVyeQEzUM entered the game successfully.
Failed to enter game for PRjEStrR: {"detail":"Insufficient tokens for entry."}
Failed to enter game for GuNDGa: {"detail":"Insufficient tokens for entry."}
Failed to enter game for zIklBa: {"detail":"Insufficient tokens for entry."}
Player SyTbMbkvd entered the game successfully.
Player LOqnah entered the game successfully.
Player wSAtNSVuY entered the game successfully.
Player scZfYcKH entered the game successfully.
Failed to enter game for uJbNs: {"detail":"Insufficient tokens for entry."}
Player GFFCRc entered the game successfully.
Player VLqvEdFw entered the game successfully.
Player MwUsTdQK entered the game successfully.
Player WdJTbv entered the game successfully.
Player wwQXHTtsS entered the game successfully.
Player LHctLoJQFM entered the game successfully.
Player dFMhDkbUZ entered the game successfully.
Failed to enter game for FabuRHUzf: {"detail":"Insufficient tokens for entry."}
Failed to enter game for atpDAjZ: {"detail":"Insufficient tokens for entry."}
Failed to enter game for ehzmuXyU: {"detail":"Insufficient tokens for entry."}
Failed to enter game for LqQuN: {"detail":"Insufficient tokens for entry."}
Failed to enter game for BDiCYclMWN: {"detail":"Insufficient tokens for entry."}
Player sCwRrWALfi entered the game successfully.
Player dhOtuBe entered the game successfully.
Player nXjsP entered the game successfully.
Player iWitBkVm entered the game successfully.
Failed to enter game for ZeBZsF: {"detail":"Insufficient tokens for entry."}
Player prrOjPVJob entered the game successfully.
Player uhVIr entered the game successfully.
Player cYYaZZe entered the game successfully.
Player DRJTe entered the game successfully.
Failed to enter game for oIwyziTaA: {"detail":"Insufficient tokens for entry."}
Player wZyBdPM entered the game successfully.
Player BQWdsTE entered the game successfully.
Failed to enter game for gmGUdPQA: {"detail":"Insufficient tokens for entry."}
Player DeLsdOOA entered the game successfully.
Failed to enter game for dKYzUFVsh: {"detail":"Insufficient tokens for entry."}
Failed to enter game for MuYSSOlQ: {"detail":"Insufficient tokens for entry."}
Player lhzun entered the game successfully.
Player UwaNft entered the game successfully.
Player XyGSivtYQ entered the game successfully.
Failed to enter game for XAFTksPIv: {"detail":"Insufficient tokens for entry."}
Player qLqMjGeoTX entered the game successfully.
Player utqHnBNX entered the game successfully.
Player EEkCQXE entered the game successfully.
Failed to enter game for smlNWKZsXP: {"detail":"Insufficient tokens for entry."}
Failed to enter game for tVAPqHEZ: {"detail":"Insufficient tokens for entry."}
Player DolUSBt entered the game successfully.
Player sLpwq entered the game successfully.
Failed to enter game for xiAoJHNP: {"detail":"Insufficient tokens for entry."}
Player pDeJq entered the game successfully.
Player hRFqSRymOZ entered the game successfully.
Failed to enter game for ABQaE: {"detail":"Insufficient tokens for entry."}
Failed to enter game for LIdJwg: {"detail":"Insufficient tokens for entry."}
Player zNlsYliNFt entered the game successfully.
Player pwfJiYxumg entered the game successfully.
Player ReZuyjgny entered the game successfully.
Player SiyaP entered the game successfully.
Failed to enter game for EZfLc: {"detail":"Insufficient tokens for entry."}
Failed to enter game for URKlDw: {"detail":"Insufficient tokens for entry."}
Player IXzfcBaIZB entered the game successfully.
Failed to enter game for ixSfpr: {"detail":"Insufficient tokens for entry."}
Player uCyPrR entered the game successfully.
Player YUSQFVwR entered the game successfully.
Failed to enter game for rDrJSHZyzP: {"detail":"Insufficient tokens for entry."}
Failed to enter game for vvQGe: {"detail":"Insufficient tokens for entry."}
Player GvPrAbTeBr entered the game successfully.
Failed to enter game for jJNDnwecau: {"detail":"Insufficient tokens for entry."}
Player VkWEl entered the game successfully.
Player PejBUdX entered the game successfully.
Failed to enter game for WvGqcHd: {"detail":"Insufficient tokens for entry."}
Failed to enter game for CZSVOZoIx: {"detail":"Insufficient tokens for entry."}
Failed to enter game for BOvUKYRUyQ: {"detail":"Insufficient tokens for entry."}
Player YtStoymBSp entered the game successfully.
Failed to enter game for WfpfFXy: {"detail":"Insufficient tokens for entry."}
Failed to enter game for LtAzvutnqS: {"detail":"Insufficient tokens for entry."}
Failed to enter game for IXWnHXGIQ: {"detail":"Insufficient tokens for entry."}
Failed to enter game for szxjaw: {"detail":"Insufficient tokens for entry."}
Failed to enter game for nStfUe: {"detail":"Insufficient tokens for entry."}
Failed to enter game for AyPgv: {"detail":"Insufficient tokens for entry."}
Player JKpvEnmftk entered the game successfully.
Failed to enter game for jlAUHZ: {"detail":"Insufficient tokens for entry."}
Player HZnHEBL entered the game successfully.
Player GYitrZT entered the game successfully.
Player MWXOtyEIgK entered the game successfully.
Player cKvuj entered the game successfully.
Player lTQtx entered the game successfully.
Player dJeuVMIDpn entered the game successfully.
Player EtQzLomdq entered the game successfully.
Failed to enter game for RkjuSIgD: {"detail":"Insufficient tokens for entry."}
Failed to enter game for AWfPxrT: {"detail":"Insufficient tokens for entry."}
Player ramcI entered the game successfully.
Failed to enter game for RgMGBa: {"detail":"Insufficient tokens for entry."}
Player TuRQXRZqrO entered the game successfully.
Player PZhvA entered the game successfully.
Player xuJuXz entered the game successfully.
Player mbShYyGJ entered the game successfully.
Player xHnLjIMQ entered the game successfully.
Failed to enter game for KhDHiSc: {"detail":"Insufficient tokens for entry."}
Failed to enter game for LmeNq: {"detail":"Insufficient tokens for entry."}
Failed to enter game for NtgSkVq: {"detail":"Insufficient tokens for entry."}
Player AUxmzNy entered the game successfully.
Player UMSnM entered the game successfully.
Failed to enter game for TvVCDrgSgM: {"detail":"Insufficient tokens for entry."}
Player nlUDmHTsu entered the game successfully.
Player jrZuyMW entered the game successfully.
Player NwBWp entered the game successfully.
Player WbStBfw entered the game successfully.
Failed to enter game for aeKLLofN: {"detail":"Insufficient tokens for entry."}
Failed to enter game for KFNsVgWBtw: {"detail":"Insufficient tokens for entry."}
Failed to enter game for mqKxmVPE: {"detail":"Insufficient tokens for entry."}
Player KZecXer entered the game successfully.
Failed to enter game for vuebYZ: {"detail":"Insufficient tokens for entry."}
Failed to enter game for LXwYBDxXUt: {"detail":"Insufficient tokens for entry."}
Player NevBSj entered the game successfully.
Player tTFPo entered the game successfully.
Player nDmVbdN entered the game successfully.
Failed to enter game for LpgwhBOcDS: {"detail":"Insufficient tokens for entry."}
Player aUvvtbkPAi entered the game successfully.
Player AXchcRclyG entered the game successfully.
Failed to enter game for ramcI: {"detail":"Player already in the game."}
Player krOeJPVw entered the game successfully.
Player tgmhzMo entered the game successfully.
Failed to enter game for BCVuz: {"detail":"Insufficient tokens for entry."}
Player NXpjBzlIzN entered the game successfully.
Failed to enter game for Kkcbmn: {"detail":"Insufficient tokens for entry."}
Failed to enter game for YYaAtBty: {"detail":"Insufficient tokens for entry."}
Failed to enter game for PzTuO: {"detail":"Insufficient tokens for entry."}
Failed to enter game for ezEBPx: {"detail":"Insufficient tokens for entry."}
Player FowAigg entered the game successfully.
Player zYydSWUAoB entered the game successfully.
Player YzCUxC entered the game successfully.
Player HyTqql entered the game successfully.
Failed to enter game for TjLUg: {"detail":"Insufficient tokens for entry."}
Player KOugrdHCj entered the game successfully.
Player nXjsP entered the game successfully.
Player hjIFFblYb entered the game successfully.
Failed to enter game for bMGgl: {"detail":"Insufficient tokens for entry."}
Player LrFNMcl entered the game successfully.
Player MmMGrGLkKB entered the game successfully.
Player StCHvaehM entered the game successfully.
Failed to enter game for JqyCaLgyFE: {"detail":"Insufficient tokens for entry."}
Failed to enter game for CBBMnn: {"detail":"Insufficient tokens for entry."}
Player OVVtkH entered the game successfully.
Player dgWWGwyud entered the game successfully.
Player nTnTW entered the game successfully.
Player HQrliSYM entered the game successfully.
Player vCtdb entered the game successfully.
Player btlNEDeTHh entered the game successfully.
Player ROjGm entered the game successfully.
Failed to enter game for UbtaNNLr: {"detail":"Insufficient tokens for entry."}
Failed to enter game for FOaXsnEpja: {"detail":"Insufficient tokens for entry."}
Failed to enter game for oQdgaFKXFw: {"detail":"Insufficient tokens for entry."}
Player GvPrAbTeBr entered the game successfully.
Player SEHEE entered the game successfully.
Failed to enter game for hoisNmm: {"detail":"Insufficient tokens for entry."}
Failed to enter game for rijOu: {"detail":"Insufficient tokens for entry."}
Player oyXue entered the game successfully.
Player stHocav entered the game successfully.
Failed to enter game for SGHnDL: {"detail":"Insufficient tokens for entry."}
Player LOBQzGPHUg entered the game successfully.
Failed to enter game for igYvWPLTHa: {"detail":"Insufficient tokens for entry."}
Player eywjxGKU entered the game successfully.
Player GLPmZ entered the game successfully.
Player NaHIl entered the game successfully.
Player AzyVaH entered the game successfully.
Player iubJGwGwSh entered the game successfully.
Failed to enter game for NkSHADf: {"detail":"Insufficient tokens for entry."}
Player cgXPU entered the game successfully.
Player ipGsej entered the game successfully.
Failed to enter game for GLPmZ: {"detail":"Player already in the game."}
Player UUmpLerXAi entered the game successfully.
Failed to enter game for VhxgEdF: {"detail":"Insufficient tokens for entry."}
Player XyGSivtYQ entered the game successfully.
Failed to enter game for xIguPkazi: {"detail":"Insufficient tokens for entry."}
Player avTTtzIY entered the game successfully.
Player wMUwNsxR entered the game successfully.
Player ojfBz entered the game successfully.
Failed to enter game for qnXzujjBEI: {"detail":"Insufficient tokens for entry."}
Failed to enter game for ymcfYg: {"detail":"Insufficient tokens for entry."}
Player ABUXPm entered the game successfully.
Player yYPOY entered the game successfully.
Failed to enter game for CoXIGbSBc: {"detail":"Insufficient tokens for entry."}
Player DBFUBhgsL entered the game successfully.
Player FbeQrRgJzR entered the game successfully.
Failed to enter game for bUduDFoxh: {"detail":"Insufficient tokens for entry."}
Player chnOqxprMT entered the game successfully.
Failed to enter game for KIERzDsZx: {"detail":"Insufficient tokens for entry."}
Failed to enter game for xZSIz: {"detail":"Insufficient tokens for entry."}
Player mWoNS entered the game successfully.
Failed to enter game for epSSe: {"detail":"Insufficient tokens for entry."}
Player shJBuDjJGb entered the game successfully.
Failed to enter game for TqRPenmdNk: {"detail":"Insufficient tokens for entry."}
Failed to enter game for uQrWhfiT: {"detail":"Insufficient tokens for entry."}
Failed to enter game for yaxvE: {"detail":"Insufficient tokens for entry."}
Failed to enter game for hhGBdZm: {"detail":"Insufficient tokens for entry."}
Failed to enter game for YQvzMo: {"detail":"No current game running."}
Player dfCPy entered the game successfully.
Player btQwTkRNk entered the game successfully.
Player NMaeq entered the game successfully.
Player RmiOAUZT entered the game successfully.
Player BQWdsTE entered the game successfully.
Player jyFCnYUg entered the game successfully.
Failed to enter game for KqzuxrZl: {"detail":"Insufficient tokens for entry."}
Failed to enter game for BkdEQnG: {"detail":"Insufficient tokens for entry."}
Failed to enter game for naNLlT: {"detail":"Insufficient tokens for entry."}
Player YxyNr entered the game successfully.
Failed to enter game for shSFnqq: {"detail":"Insufficient tokens for entry."}
Failed to enter game for EFoLb: {"detail":"Insufficient tokens for entry."}
Failed to enter game for xAoZR: {"detail":"Insufficient tokens for entry."}
Failed to enter game for akDGJANXuj: {"detail":"Insufficient tokens for entry."}
Failed to enter game for mkdvsVUID: {"detail":"Insufficient tokens for entry."}
Failed to enter game for KeQkHx: {"detail":"Insufficient tokens for entry."}
Player kUKufuupLr entered the game successfully.
Failed to enter game for YpGlgFDB: {"detail":"Insufficient tokens for entry."}
Player jryIFAJSOy entered the game successfully.
Failed to enter game for aRsFSzxjKK: {"detail":"Insufficient tokens for entry."}
Player JHmTMPtY entered the game successfully.
Player ZcevkWCQlQ entered the game successfully.
